<?xml version="1.0" encoding="UTF-8"?>
<!-- Generated by org.testng.reporters.JUnitXMLReporter -->
<testsuite ignored="3" hostname="DESKTOP-UDJP242" failures="0" tests="1" name="Default test" time="6.429" errors="0" timestamp="2022-08-26T10:26:54 WIB">
  <testcase classname="com.juaracoding.posttest21.TestCRUD" name="testPatch" time="6.303"/>
  <testcase classname="com.juaracoding.posttest21.TestCRUD" name="testPut" time="0.0">
    <ignored/>
  </testcase> <!-- testPut -->
  <testcase classname="com.juaracoding.posttest21.TestCRUD" name="testPost" time="0.0">
    <ignored/>
  </testcase> <!-- testPost -->
  <testcase classname="com.juaracoding.posttest21.TestCRUD" name="testDelete" time="0.0">
    <ignored/>
  </testcase> <!-- testDelete -->
</testsuite> <!-- Default test -->
