<?xml version="1.0" encoding="UTF-8"?>
<testng-results ignored="3" total="4" passed="1" failed="0" skipped="0">
  <reporter-output>
  </reporter-output>
  <suite started-at="2022-08-26T10:26:48 WIB" name="Default suite" finished-at="2022-08-26T10:26:54 WIB" duration-ms="6429">
    <groups>
    </groups>
    <test started-at="2022-08-26T10:26:48 WIB" name="Default test" finished-at="2022-08-26T10:26:54 WIB" duration-ms="6429">
      <class name="com.juaracoding.posttest21.TestCRUD">
        <test-method signature="testPatch()[pri:0, instance:com.juaracoding.posttest21.TestCRUD@49c386c8]" started-at="2022-08-26T10:26:48 WIB" name="testPatch" finished-at="2022-08-26T10:26:54 WIB" duration-ms="6303" status="PASS">
          <reporter-output>
          </reporter-output>
        </test-method> <!-- testPatch -->
      </class> <!-- com.juaracoding.posttest21.TestCRUD -->
    </test> <!-- Default test -->
  </suite> <!-- Default suite -->
</testng-results>
