<?xml version="1.0" encoding="UTF-8"?>
<testng-results ignored="0" total="1" passed="1" failed="0" skipped="0">
  <reporter-output>
  </reporter-output>
  <suite started-at="2022-08-24T20:25:16 WIB" name="Default suite" finished-at="2022-08-24T20:25:23 WIB" duration-ms="7274">
    <groups>
    </groups>
    <test started-at="2022-08-24T20:25:16 WIB" name="Default test" finished-at="2022-08-24T20:25:23 WIB" duration-ms="7274">
      <class name="com.juaracoding.posttest21.TestCRUD">
        <test-method signature="testPost()[pri:0, instance:com.juaracoding.posttest21.TestCRUD@161479c6]" started-at="2022-08-24T20:25:16 WIB" name="testPost" finished-at="2022-08-24T20:25:23 WIB" duration-ms="7128" status="PASS">
          <reporter-output>
          </reporter-output>
        </test-method> <!-- testPost -->
      </class> <!-- com.juaracoding.posttest21.TestCRUD -->
    </test> <!-- Default test -->
  </suite> <!-- Default suite -->
</testng-results>
